<?xml version="1.0" encoding="UTF-8"?>
<testng-results ignored="0" total="4" passed="4" failed="0" skipped="0">
  <reporter-output>
  </reporter-output>
  <suite started-at="2024-04-24T15:11:35 IST" name="PetSuite" finished-at="2024-04-24T15:11:48 IST" duration-ms="12580">
    <groups>
    </groups>
    <test started-at="2024-04-24T15:11:35 IST" name="PetTest" finished-at="2024-04-24T15:11:48 IST" duration-ms="12580">
      <class name="api.test.Usertests2">
        <test-method is-config="true" signature="setupData()[pri:0, instance:api.test.Usertests2@385c9627]" started-at="2024-04-24T15:11:36 IST" name="setupData" finished-at="2024-04-24T15:11:37 IST" duration-ms="1395" status="PASS">
          <reporter-output>
          </reporter-output>
        </test-method> <!-- setupData -->
        <test-method signature="testPostUser()[pri:1, instance:api.test.Usertests2@385c9627]" started-at="2024-04-24T15:11:37 IST" name="testPostUser" finished-at="2024-04-24T15:11:42 IST" duration-ms="4740" status="PASS">
          <reporter-output>
          </reporter-output>
        </test-method> <!-- testPostUser -->
        <test-method signature="testGetUserByName()[pri:2, instance:api.test.Usertests2@385c9627]" started-at="2024-04-24T15:11:42 IST" name="testGetUserByName" finished-at="2024-04-24T15:11:44 IST" duration-ms="1503" status="PASS">
          <reporter-output>
          </reporter-output>
        </test-method> <!-- testGetUserByName -->
        <test-method signature="testUpdateUserByName()[pri:2, instance:api.test.Usertests2@385c9627]" started-at="2024-04-24T15:11:44 IST" name="testUpdateUserByName" finished-at="2024-04-24T15:11:46 IST" duration-ms="2849" status="PASS">
          <reporter-output>
          </reporter-output>
        </test-method> <!-- testUpdateUserByName -->
        <test-method signature="testDeleteUserByName()[pri:4, instance:api.test.Usertests2@385c9627]" started-at="2024-04-24T15:11:47 IST" name="testDeleteUserByName" finished-at="2024-04-24T15:11:48 IST" duration-ms="1461" status="PASS">
          <reporter-output>
          </reporter-output>
        </test-method> <!-- testDeleteUserByName -->
      </class> <!-- api.test.Usertests2 -->
    </test> <!-- PetTest -->
  </suite> <!-- PetSuite -->
</testng-results>
