<?xml version="1.0" encoding="UTF-8"?>
<!-- Generated by org.testng.reporters.JUnitXMLReporter -->
<testsuite ignored="0" hostname="WINAA5CD335LPK0" failures="0" tests="4" name="PetTest" time="8.126" errors="0" timestamp="2024-04-25T12:30:05 IST">
  <testcase classname="api.test.Usertests2" name="testPostUser" time="2.447"/>
  <testcase classname="api.test.Usertests2" name="testGetUserByName" time="1.176"/>
  <testcase classname="api.test.Usertests2" name="testUpdateUserByName" time="2.643"/>
  <testcase classname="api.test.Usertests2" name="testDeleteUserByName" time="1.222"/>
</testsuite> <!-- PetTest -->
